<?xml version="1.0" encoding="UTF-8"?>
<!-- Generated by org.testng.reporters.JUnitXMLReporter -->
<testsuite hostname="DESKTOP-30GL0O0" ignored="0" name="Default test" tests="3" failures="0" timestamp="20 Jun 2022 10:53:27 GMT" time="26.01" errors="0">
  <testcase name="verifyRegsitration" time="4.881" classname="com.qa.jun2022.Tests.RegisterPageTest"/>
  <testcase name="verifyRegsitration" time="4.762" classname="com.qa.jun2022.Tests.RegisterPageTest"/>
  <testcase name="verify_title_of_RegisterPg" time="0.025" classname="com.qa.jun2022.Tests.RegisterPageTest"/>
</testsuite> <!-- Default test -->
