<?xml version="1.0" encoding="UTF-8"?>
<testng-results skipped="0" failed="0" ignored="0" total="3" passed="3">
  <reporter-output>
  </reporter-output>
  <suite name="Default suite" duration-ms="26010" started-at="2022-06-20T10:53:01Z" finished-at="2022-06-20T10:53:27Z">
    <groups>
    </groups>
    <test name="Default test" duration-ms="26010" started-at="2022-06-20T10:53:01Z" finished-at="2022-06-20T10:53:27Z">
      <class name="com.qa.jun2022.Tests.RegisterPageTest">
        <test-method status="PASS" signature="setUp()[pri:0, instance:com.qa.jun2022.Tests.RegisterPageTest@147ed70f]" name="setUp" is-config="true" duration-ms="12438" started-at="2022-06-20T10:53:01Z" finished-at="2022-06-20T10:53:14Z">
          <reporter-output>
          </reporter-output>
        </test-method> <!-- setUp -->
        <test-method status="PASS" signature="navigateToRegister()[pri:0, instance:com.qa.jun2022.Tests.RegisterPageTest@147ed70f]" name="navigateToRegister" is-config="true" duration-ms="2195" started-at="2022-06-20T10:53:14Z" finished-at="2022-06-20T10:53:16Z">
          <reporter-output>
          </reporter-output>
        </test-method> <!-- navigateToRegister -->
        <test-method status="PASS" signature="verifyRegsitration(java.lang.String, java.lang.String, java.lang.String, java.lang.String, java.lang.String, java.lang.String, java.lang.String)[pri:0, instance:com.qa.jun2022.Tests.RegisterPageTest@147ed70f]" name="verifyRegsitration" duration-ms="4881" started-at="2022-06-20T10:53:17Z" data-provider="getTestDatafor_Registration" finished-at="2022-06-20T10:53:22Z">
          <params>
            <param index="0">
              <value>
                <![CDATA[Nitin]]>
              </value>
            </param>
            <param index="1">
              <value>
                <![CDATA[Rama]]>
              </value>
            </param>
            <param index="2">
              <value>
                <![CDATA[nitin@gmail.com]]>
              </value>
            </param>
            <param index="3">
              <value>
                <![CDATA[9.819165121E9]]>
              </value>
            </param>
            <param index="4">
              <value>
                <![CDATA[nitin@123]]>
              </value>
            </param>
            <param index="5">
              <value>
                <![CDATA[nitin@123]]>
              </value>
            </param>
            <param index="6">
              <value>
                <![CDATA[yes]]>
              </value>
            </param>
          </params>
          <reporter-output>
          </reporter-output>
        </test-method> <!-- verifyRegsitration -->
        <test-method status="PASS" signature="verifyRegsitration(java.lang.String, java.lang.String, java.lang.String, java.lang.String, java.lang.String, java.lang.String, java.lang.String)[pri:0, instance:com.qa.jun2022.Tests.RegisterPageTest@147ed70f]" name="verifyRegsitration" duration-ms="4762" started-at="2022-06-20T10:53:22Z" data-provider="getTestDatafor_Registration" finished-at="2022-06-20T10:53:26Z">
          <params>
            <param index="0">
              <value>
                <![CDATA[Neesha]]>
              </value>
            </param>
            <param index="1">
              <value>
                <![CDATA[sharma]]>
              </value>
            </param>
            <param index="2">
              <value>
                <![CDATA[neesha@gmail.com]]>
              </value>
            </param>
            <param index="3">
              <value>
                <![CDATA[9.863965622E9]]>
              </value>
            </param>
            <param index="4">
              <value>
                <![CDATA[neesha@123]]>
              </value>
            </param>
            <param index="5">
              <value>
                <![CDATA[neesha@123]]>
              </value>
            </param>
            <param index="6">
              <value>
                <![CDATA[no]]>
              </value>
            </param>
          </params>
          <reporter-output>
          </reporter-output>
        </test-method> <!-- verifyRegsitration -->
        <test-method status="PASS" signature="verify_title_of_RegisterPg()[pri:0, instance:com.qa.jun2022.Tests.RegisterPageTest@147ed70f]" name="verify_title_of_RegisterPg" duration-ms="25" started-at="2022-06-20T10:53:26Z" finished-at="2022-06-20T10:53:26Z">
          <reporter-output>
          </reporter-output>
        </test-method> <!-- verify_title_of_RegisterPg -->
        <test-method status="PASS" signature="tearDown()[pri:0, instance:com.qa.jun2022.Tests.RegisterPageTest@147ed70f]" name="tearDown" is-config="true" duration-ms="906" started-at="2022-06-20T10:53:26Z" finished-at="2022-06-20T10:53:27Z">
          <reporter-output>
          </reporter-output>
        </test-method> <!-- tearDown -->
      </class> <!-- com.qa.jun2022.Tests.RegisterPageTest -->
    </test> <!-- Default test -->
  </suite> <!-- Default suite -->
</testng-results>
